make.exe all --print-data-base --no-builtin-variables --no-builtin-rules --question
make: *** No rule to make target 'all'.  Stop.

# GNU Make 4.3
# Built for x86_64-pc-cygwin
# Copyright (C) 1988-2020 Free Software Foundation, Inc.
# License GPLv3+: GNU GPL version 3 or later <http://gnu.org/licenses/gpl.html>
# This is free software: you are free to change and redistribute it.
# There is NO WARRANTY, to the extent permitted by law.

# Make data base, printed on Mon May  9 22:33:40 2022

# Variables

# environment
SYSTEMDRIVE = C:
# environment
LC_ALL = C
# environment
USERPROFILE = C:\Users\t_c_y
# environment
LOCALAPPDATA = C:\Users\t_c_y\AppData\Local
# environment
VSCODE_IPC_HOOK_EXTHOST = \\.\pipe\vscode-ipc-bb042d2f-b75d-4d23-b41a-d2cdef34a99f-sock
# environment
VSCODE_CWD = C:\Users\t_c_y\AppData\Local\Programs\Microsoft VS Code
# environment
SYSTEMROOT = C:\Windows
# environment
PROCESSOR_LEVEL = 6
# environment
PSMODULEPATH = C:\Program Files\WindowsPowerShell\Modules;C:\Windows\system32\WindowsPowerShell\v1.0\Modules
# default
MAKE_COMMAND := make
# automatic
@D = $(patsubst %/,%,$(dir $@))
# environment
CHROME_CRASHPAD_PIPE_NAME = \\.\pipe\crashpad_23456_NKRWHQGYJUWJUMGN
# environment
VSCODE_HANDLES_UNCAUGHT_ERRORS = true
# default
.VARIABLES := 
# automatic
%D = $(patsubst %/,%,$(dir $%))
# automatic
^D = $(patsubst %/,%,$(dir $^))
# environment
VSCODE_LOG_STACK = false
# automatic
%F = $(notdir $%)
# environment
VSCODE_CODE_CACHE_PATH = C:\Users\t_c_y\AppData\Roaming\Code\CachedData\57fd6d0195bb9b9d1b49f6da5db789060795de47
# environment
LANG = C
# default
.LOADED := 
# environment
TMP = /cygdrive/c/Users/t_c_y/AppData/Local/Temp
# default
.INCLUDE_DIRS = /usr/include /usr/include
# makefile
MAKEFLAGS = pqrR
# environment
ONEDRIVE = C:\Users\t_c_y\OneDrive
# makefile
CURDIR := /cygdrive/d/ドキュメント/IGA
# environment
VSCODE_PIPE_LOGGING = true
# environment
APPLICATION_INSIGHTS_NO_DIAGNOSTIC_CHANNEL = 1
# automatic
*D = $(patsubst %/,%,$(dir $*))
# environment
PROGRAMFILES = C:\Program Files
# environment
MFLAGS = -pqrR
# default
.SHELLFLAGS := -c
# environment
COMMONPROGRAMW6432 = C:\Program Files\Common Files
# automatic
+D = $(patsubst %/,%,$(dir $+))
# makefile
MAKEFILE_LIST := 
# automatic
@F = $(notdir $@)
# environment
VSCODE_VERBOSE_LOGGING = true
# environment
VSCODE_PID = 23456
# environment
CUDA_PATH = C:\Program Files\NVIDIA GPU Computing Toolkit\CUDA\v11.6
# automatic
?D = $(patsubst %/,%,$(dir $?))
# automatic
*F = $(notdir $*)
# automatic
<D = $(patsubst %/,%,$(dir $<))
# environment
VSCODE_NLS_CONFIG = {"locale":"ja","availableLanguages":{"*":"ja"},"_languagePackId":"79f76ee18b448d539548ca55a122c5ba.ja","_translationsConfigFile":"C:\\Users\\t_c_y\\AppData\\Roaming\\Code\\clp\\79f76ee18b448d539548ca55a122c5ba.ja\\tcf.json","_cacheRoot":"C:\\Users\\t_c_y\\AppData\\Roaming\\Code\\clp\\79f76ee18b448d539548ca55a122c5ba.ja","_resolvedLanguagePackCoreLocation":"C:\\Users\\t_c_y\\AppData\\Roaming\\Code\\clp\\79f76ee18b448d539548ca55a122c5ba.ja\\57fd6d0195bb9b9d1b49f6da5db789060795de47","_corruptedFile":"C:\\Users\\t_c_y\\AppData\\Roaming\\Code\\clp\\79f76ee18b448d539548ca55a122c5ba.ja\\corrupted.info","_languagePackSupport":true}
# default
MAKE_HOST := x86_64-pc-cygwin
# environment
PROGRAMDATA = C:\ProgramData
# default
SHELL := /bin/sh
# environment
HOMEPATH = \Users\t_c_y
# default
MAKECMDGOALS := all
# environment
DRIVERDATA = C:\Windows\System32\Drivers\DriverData
# environment
COMSPEC = C:\Windows\system32\cmd.exe
# environment
WINDIR = C:\Windows
# environment
MAKELEVEL := 0
# default
MAKE = $(MAKE_COMMAND)
# environment
PATH = /cygdrive/c/Program Files/Eclipse Foundation/jdk-8.0.302.8-hotspot/bin:/cygdrive/c/Program Files/NVIDIA GPU Computing Toolkit/CUDA/v11.6/bin:/cygdrive/c/Program Files/NVIDIA GPU Computing Toolkit/CUDA/v11.6/libnvvp:/cygdrive/c/Windows/system32:/cygdrive/c/Windows:/cygdrive/c/Windows/System32/Wbem:/cygdrive/c/Windows/System32/WindowsPowerShell/v1.0:/cygdrive/c/Windows/System32/OpenSSH:/cygdrive/c/Program Files/NVIDIA Corporation/NVIDIA NvDLISR:/cygdrive/c/Program Files (x86)/NVIDIA Corporation/PhysX/Common:/cygdrive/c/Program Files/Git/cmd:/cygdrive/c/Program Files/dotnet:/cygdrive/c/Program Files/NVIDIA Corporation/Nsight Compute 2022.1.1:/cygdrive/c/texlive/2021/bin/win32:/cygdrive/c/Program Files (x86)/Microsoft Visual Studio/2019/Community/VC/Tools/MSVC/14.29.30133/bin/Hostx64/x64:/cygdrive/c/Program Files/Microsoft Visual Studio/2022/Community/VC/Tools/MSVC/14.31.31103/bin/Hostx64/x64:/cygdrive/c/Users/t_c_y/AppData/Local/Programs/Python/Python310:/cygdrive/c/Users/t_c_y/AppData/Local/Microsoft/WindowsApps:/cygdrive/c/Users/t_c_y/AppData/Local/Programs/Microsoft VS Code/bin:/cygdrive/c/Program Files/mingw64/bin:/usr/bin:/cygdrive/c/Users/t_c_y/.dotnet/tools:/cygdrive/c/Program Files/NVIDIA GPU Computing Toolkit/CUDA/v11.6/bin:/cygdrive/c/texlive/2021/bin/win32
# environment
COMPUTERNAME = DESKTOP-S6C3IJI
# default
MAKEFILES := 
# automatic
^F = $(notdir $^)
# environment
PROMPT = $P$G
# environment
NVTOOLSEXT_PATH = C:\Program Files\NVIDIA Corporation\NvToolsExt\
# environment
LOGONSERVER = \\DESKTOP-S6C3IJI
# environment
VSCODE_LOG_NATIVE = false
# environment
USERNAME = t_c_y
# environment
COMMONPROGRAMFILES = C:\Program Files\Common Files
# automatic
?F = $(notdir $?)
# environment
PROGRAMW6432 = C:\Program Files
# environment
PATHEXT = .COM;.EXE;.BAT;.CMD;.VBS;.VBE;.JS;.JSE;.WSF;.WSH;.MSC
# automatic
+F = $(notdir $+)
# environment
ORIGINAL_XDG_CURRENT_DESKTOP = undefined
# environment
USERDOMAIN = DESKTOP-S6C3IJI
# 'override' directive
GNUMAKEFLAGS := 
# environment
OS = Windows_NT
# environment
CUDA_PATH_V11_6 = C:\Program Files\NVIDIA GPU Computing Toolkit\CUDA\v11.6
# makefile
.DEFAULT_GOAL := 
# default
MAKE_VERSION := 4.3
# environment
PROGRAMFILES(X86) = C:\Program Files (x86)
# environment
!D: = d:\ドキュメント\IGA
# environment
USERDOMAIN_ROAMINGPROFILE = DESKTOP-S6C3IJI
# environment
NUMBER_OF_PROCESSORS = 24
# environment
PUBLIC = C:\Users\Public
# environment
APPDATA = C:\Users\t_c_y\AppData\Roaming
# environment
HOMEDRIVE = C:
# environment
PROCESSOR_ARCHITECTURE = AMD64
# environment
VSCODE_AMD_ENTRYPOINT = vs/workbench/api/node/extensionHostProcess
# environment
HOME = /home/t_c_y
# environment
COMMONPROGRAMFILES(X86) = C:\Program Files (x86)\Common Files
# environment
ELECTRON_RUN_AS_NODE = 1
# environment
TEMP = /cygdrive/c/Users/t_c_y/AppData/Local/Temp
# environment
VSCODE_IPC_HOOK = \\.\pipe\8ce48c569ab12c23abea389ca3fefc64-1.67.0-main-sock
# environment
TERM = xterm-256color
# default
.RECIPEPREFIX := 
# automatic
<F = $(notdir $<)
# default
SUFFIXES := 
# environment
ALLUSERSPROFILE = C:\ProgramData
# environment
SESSIONNAME = Console
# default
.FEATURES := target-specific order-only second-expansion else-if shortest-stem undefine oneshell nocomment grouped-target extra-prereqs archives jobserver output-sync check-symlink guile load
# environment
PROCESSOR_REVISION = 9702
# environment
PROCESSOR_IDENTIFIER = Intel64 Family 6 Model 151 Stepping 2, GenuineIntel
# variable set hash-table stats:
# Load=97/1024=9%, Rehash=0, Collisions=11/121=9%

# Pattern-specific Variable Values

# No pattern-specific variable values.

# Directories

# . (device 2727682407, inode 562949953422535): 9 files, no impossibilities.

# 9 files, no impossibilities in 1 directories.

# Implicit Rules

# No implicit rules.

# Files

# Not a target:
Makefile:
#  Implicit rule search has been done.
#  File does not exist.
#  File has been updated.
#  Failed to be updated.

# Not a target:
.DEFAULT:
#  Implicit rule search has not been done.
#  Modification time never checked.
#  File has not been updated.

# Not a target:
all:
#  Command line target.
#  Implicit rule search has been done.
#  File does not exist.
#  File has not been updated.

# Not a target:
makefile:
#  Implicit rule search has been done.
#  File does not exist.
#  File has been updated.
#  Failed to be updated.

# Not a target:
GNUmakefile:
#  Implicit rule search has been done.
#  File does not exist.
#  File has been updated.
#  Failed to be updated.

# files hash-table stats:
# Load=6/1024=1%, Rehash=0, Collisions=0/15=0%
# VPATH Search Paths

# No 'vpath' search paths.

# No general ('VPATH' variable) search path.

# strcache buffers: 1 (0) / strings = 16 / storage = 144 B / avg = 9 B
# current buf: size = 8162 B / used = 144 B / count = 16 / avg = 9 B

# strcache performance: lookups = 19 / hit rate = 15%
# hash-table stats:
# Load=16/8192=0%, Rehash=0, Collisions=0/19=0%
# Finished Make data base on Mon May  9 22:33:40 2022

 
